<?xml version="1.0" encoding="UTF-8"?>
<testng-results ignored="0" total="4" passed="4" failed="0" skipped="0">
  <reporter-output>
  </reporter-output>
  <suite started-at="2023-03-29T16:57:44 IST" name="Default suite" finished-at="2023-03-29T16:58:29 IST" duration-ms="44074">
    <groups>
    </groups>
    <test started-at="2023-03-29T16:57:44 IST" name="Default test" finished-at="2023-03-29T16:58:29 IST" duration-ms="44074">
      <class name="SwagLabLoginTest">
        <test-method is-config="true" signature="openBrowser()[pri:0, instance:SwagLabLoginTest@1b6e1eff]" started-at="2023-03-29T16:57:44 IST" name="openBrowser" finished-at="2023-03-29T16:57:46 IST" duration-ms="1863" status="PASS">
          <reporter-output>
          </reporter-output>
        </test-method> <!-- openBrowser -->
        <test-method signature="LoginForInvalidUserAndPass_TC_01()[pri:0, instance:SwagLabLoginTest@1b6e1eff]" started-at="2023-03-29T16:57:46 IST" name="LoginForInvalidUserAndPass_TC_01" finished-at="2023-03-29T16:57:56 IST" duration-ms="9252" status="PASS">
          <reporter-output>
          </reporter-output>
        </test-method> <!-- LoginForInvalidUserAndPass_TC_01 -->
        <test-method is-config="true" signature="close()[pri:0, instance:SwagLabLoginTest@1b6e1eff]" started-at="2023-03-29T16:57:56 IST" name="close" finished-at="2023-03-29T16:57:56 IST" duration-ms="151" status="PASS">
          <reporter-output>
          </reporter-output>
        </test-method> <!-- close -->
        <test-method is-config="true" signature="openBrowser()[pri:0, instance:SwagLabLoginTest@1b6e1eff]" started-at="2023-03-29T16:57:56 IST" name="openBrowser" finished-at="2023-03-29T16:57:57 IST" duration-ms="1627" status="PASS">
          <reporter-output>
          </reporter-output>
        </test-method> <!-- openBrowser -->
        <test-method signature="LoginForInvalidUserAndValidPass_TC_03()[pri:0, instance:SwagLabLoginTest@1b6e1eff]" started-at="2023-03-29T16:57:57 IST" name="LoginForInvalidUserAndValidPass_TC_03" finished-at="2023-03-29T16:58:07 IST" duration-ms="9216" status="PASS">
          <reporter-output>
          </reporter-output>
        </test-method> <!-- LoginForInvalidUserAndValidPass_TC_03 -->
        <test-method is-config="true" signature="close()[pri:0, instance:SwagLabLoginTest@1b6e1eff]" started-at="2023-03-29T16:58:07 IST" name="close" finished-at="2023-03-29T16:58:07 IST" duration-ms="121" status="PASS">
          <reporter-output>
          </reporter-output>
        </test-method> <!-- close -->
        <test-method is-config="true" signature="openBrowser()[pri:0, instance:SwagLabLoginTest@1b6e1eff]" started-at="2023-03-29T16:58:07 IST" name="openBrowser" finished-at="2023-03-29T16:58:08 IST" duration-ms="1501" status="PASS">
          <reporter-output>
          </reporter-output>
        </test-method> <!-- openBrowser -->
        <test-method signature="LoginForValidUserAndInvalidPass_TC_02()[pri:0, instance:SwagLabLoginTest@1b6e1eff]" started-at="2023-03-29T16:58:08 IST" name="LoginForValidUserAndInvalidPass_TC_02" finished-at="2023-03-29T16:58:17 IST" duration-ms="9187" status="PASS">
          <reporter-output>
          </reporter-output>
        </test-method> <!-- LoginForValidUserAndInvalidPass_TC_02 -->
        <test-method is-config="true" signature="close()[pri:0, instance:SwagLabLoginTest@1b6e1eff]" started-at="2023-03-29T16:58:17 IST" name="close" finished-at="2023-03-29T16:58:18 IST" duration-ms="179" status="PASS">
          <reporter-output>
          </reporter-output>
        </test-method> <!-- close -->
        <test-method is-config="true" signature="openBrowser()[pri:0, instance:SwagLabLoginTest@1b6e1eff]" started-at="2023-03-29T16:58:18 IST" name="openBrowser" finished-at="2023-03-29T16:58:19 IST" duration-ms="1508" status="PASS">
          <reporter-output>
          </reporter-output>
        </test-method> <!-- openBrowser -->
        <test-method signature="LoginForValidUserAndValidPass_TC_04()[pri:0, instance:SwagLabLoginTest@1b6e1eff]" started-at="2023-03-29T16:58:19 IST" name="LoginForValidUserAndValidPass_TC_04" finished-at="2023-03-29T16:58:28 IST" duration-ms="9303" status="PASS">
          <reporter-output>
          </reporter-output>
        </test-method> <!-- LoginForValidUserAndValidPass_TC_04 -->
        <test-method is-config="true" signature="close()[pri:0, instance:SwagLabLoginTest@1b6e1eff]" started-at="2023-03-29T16:58:28 IST" name="close" finished-at="2023-03-29T16:58:29 IST" duration-ms="114" status="PASS">
          <reporter-output>
          </reporter-output>
        </test-method> <!-- close -->
      </class> <!-- SwagLabLoginTest -->
    </test> <!-- Default test -->
  </suite> <!-- Default suite -->
</testng-results>
