<?xml version="1.0" encoding="UTF-8"?>
<testng-results ignored="0" total="4" passed="4" failed="0" skipped="0">
  <reporter-output>
  </reporter-output>
  <suite started-at="2023-03-29T17:26:51 IST" name="Default suite" finished-at="2023-03-29T17:27:35 IST" duration-ms="43897">
    <groups>
    </groups>
    <test started-at="2023-03-29T17:26:51 IST" name="Default test" finished-at="2023-03-29T17:27:35 IST" duration-ms="43897">
      <class name="SwagLabLoginTest">
        <test-method is-config="true" signature="openBrowser()[pri:0, instance:SwagLabLoginTest@1b6e1eff]" started-at="2023-03-29T17:26:51 IST" name="openBrowser" finished-at="2023-03-29T17:26:53 IST" duration-ms="1859" status="PASS">
          <reporter-output>
          </reporter-output>
        </test-method> <!-- openBrowser -->
        <test-method signature="LoginForInvalidUserAndPass_TC_01()[pri:0, instance:SwagLabLoginTest@1b6e1eff]" started-at="2023-03-29T17:26:53 IST" name="LoginForInvalidUserAndPass_TC_01" finished-at="2023-03-29T17:27:02 IST" duration-ms="9245" status="PASS">
          <reporter-output>
          </reporter-output>
        </test-method> <!-- LoginForInvalidUserAndPass_TC_01 -->
        <test-method is-config="true" signature="close()[pri:0, instance:SwagLabLoginTest@1b6e1eff]" started-at="2023-03-29T17:27:02 IST" name="close" finished-at="2023-03-29T17:27:03 IST" duration-ms="145" status="PASS">
          <reporter-output>
          </reporter-output>
        </test-method> <!-- close -->
        <test-method is-config="true" signature="openBrowser()[pri:0, instance:SwagLabLoginTest@1b6e1eff]" started-at="2023-03-29T17:27:03 IST" name="openBrowser" finished-at="2023-03-29T17:27:04 IST" duration-ms="1622" status="PASS">
          <reporter-output>
          </reporter-output>
        </test-method> <!-- openBrowser -->
        <test-method signature="LoginForInvalidUserAndValidPass_TC_03()[pri:0, instance:SwagLabLoginTest@1b6e1eff]" started-at="2023-03-29T17:27:04 IST" name="LoginForInvalidUserAndValidPass_TC_03" finished-at="2023-03-29T17:27:13 IST" duration-ms="9303" status="PASS">
          <reporter-output>
          </reporter-output>
        </test-method> <!-- LoginForInvalidUserAndValidPass_TC_03 -->
        <test-method is-config="true" signature="close()[pri:0, instance:SwagLabLoginTest@1b6e1eff]" started-at="2023-03-29T17:27:13 IST" name="close" finished-at="2023-03-29T17:27:14 IST" duration-ms="115" status="PASS">
          <reporter-output>
          </reporter-output>
        </test-method> <!-- close -->
        <test-method is-config="true" signature="openBrowser()[pri:0, instance:SwagLabLoginTest@1b6e1eff]" started-at="2023-03-29T17:27:14 IST" name="openBrowser" finished-at="2023-03-29T17:27:15 IST" duration-ms="1302" status="PASS">
          <reporter-output>
          </reporter-output>
        </test-method> <!-- openBrowser -->
        <test-method signature="LoginForValidUserAndInvalidPass_TC_02()[pri:0, instance:SwagLabLoginTest@1b6e1eff]" started-at="2023-03-29T17:27:15 IST" name="LoginForValidUserAndInvalidPass_TC_02" finished-at="2023-03-29T17:27:24 IST" duration-ms="9236" status="PASS">
          <reporter-output>
          </reporter-output>
        </test-method> <!-- LoginForValidUserAndInvalidPass_TC_02 -->
        <test-method is-config="true" signature="close()[pri:0, instance:SwagLabLoginTest@1b6e1eff]" started-at="2023-03-29T17:27:24 IST" name="close" finished-at="2023-03-29T17:27:24 IST" duration-ms="132" status="PASS">
          <reporter-output>
          </reporter-output>
        </test-method> <!-- close -->
        <test-method is-config="true" signature="openBrowser()[pri:0, instance:SwagLabLoginTest@1b6e1eff]" started-at="2023-03-29T17:27:24 IST" name="openBrowser" finished-at="2023-03-29T17:27:26 IST" duration-ms="1483" status="PASS">
          <reporter-output>
          </reporter-output>
        </test-method> <!-- openBrowser -->
        <test-method signature="LoginForValidUserAndValidPass_TC_04()[pri:0, instance:SwagLabLoginTest@1b6e1eff]" started-at="2023-03-29T17:27:26 IST" name="LoginForValidUserAndValidPass_TC_04" finished-at="2023-03-29T17:27:35 IST" duration-ms="9276" status="PASS">
          <reporter-output>
          </reporter-output>
        </test-method> <!-- LoginForValidUserAndValidPass_TC_04 -->
        <test-method is-config="true" signature="close()[pri:0, instance:SwagLabLoginTest@1b6e1eff]" started-at="2023-03-29T17:27:35 IST" name="close" finished-at="2023-03-29T17:27:35 IST" duration-ms="149" status="PASS">
          <reporter-output>
          </reporter-output>
        </test-method> <!-- close -->
      </class> <!-- SwagLabLoginTest -->
    </test> <!-- Default test -->
  </suite> <!-- Default suite -->
</testng-results>
