<?xml version="1.0" encoding="UTF-8"?>
<!-- Generated by org.testng.reporters.JUnitXMLReporter -->
<testsuite ignored="0" hostname="Ujwal-laptop" failures="0" tests="4" name="Default test" time="44.074" errors="0" timestamp="2023-03-29T16:58:29 IST">
  <testcase classname="SwagLabLoginTest" name="LoginForInvalidUserAndPass_TC_01" time="9.252"/>
  <testcase classname="SwagLabLoginTest" name="LoginForInvalidUserAndValidPass_TC_03" time="9.216"/>
  <testcase classname="SwagLabLoginTest" name="LoginForValidUserAndInvalidPass_TC_02" time="9.187"/>
  <testcase classname="SwagLabLoginTest" name="LoginForValidUserAndValidPass_TC_04" time="9.303"/>
</testsuite> <!-- Default test -->
