<?xml version="1.0" encoding="UTF-8"?>
<!-- Generated by org.testng.reporters.JUnitXMLReporter -->
<testsuite ignored="0" hostname="Ujwal-laptop" failures="0" tests="4" name="Default test" time="43.897" errors="0" timestamp="2023-03-29T17:27:35 IST">
  <testcase classname="SwagLabLoginTest" name="LoginForInvalidUserAndPass_TC_01" time="9.245"/>
  <testcase classname="SwagLabLoginTest" name="LoginForInvalidUserAndValidPass_TC_03" time="9.303"/>
  <testcase classname="SwagLabLoginTest" name="LoginForValidUserAndInvalidPass_TC_02" time="9.236"/>
  <testcase classname="SwagLabLoginTest" name="LoginForValidUserAndValidPass_TC_04" time="9.276"/>
</testsuite> <!-- Default test -->
